<?xml version="1.0" encoding="UTF-8"?>
<testsuite xmlns:xsi="http://www.w3.org/2001/XMLSchema-instance" xsi:noNamespaceSchemaLocation="https://maven.apache.org/surefire/maven-surefire-plugin/xsd/surefire-test-report-3.0.xsd" version="3.0" name="TestSuite" time="25.516" tests="5" errors="0" skipped="0" failures="0">
  <properties>
[...]
</properties>
  <testcase name="LoginAsBankManager" classname="testcases.LoginTest" time="1.323"/>
  <testcase name="addCustomers" classname="testcases.AddCustomerTest" time="3.668"/>
  <testcase name="addCustomers" classname="testcases.AddCustomerTest" time="2.37"/>
  <testcase name="addCustomers" classname="testcases.AddCustomerTest" time="2.327"/>
  <testcase name="openAccount" classname="testcases.OpenAccountTest" time="4.367"/>
</testsuite>