<?xml version="1.0" encoding="UTF-8"?>
<testng-results skipped="0" failed="0" ignored="0" total="5" passed="5">
  <reporter-output>
    <line>
      <![CDATA[Page loaded successfully]]>
    </line>
    <line>
      <![CDATA[Verification is Successful]]>
    </line>
    <line>
      <![CDATA[Bank Manager Login Button is displayed on the web page]]>
    </line>
    <line>
      <![CDATA[Successfully clicked on: Bank Manager Login Button]]>
    </line>
    <line>
      <![CDATA[Add Customer Button is displayed on the web page]]>
    </line>
    <line>
      <![CDATA[Add Customer Button is displayed on the web page]]>
    </line>
    <line>
      <![CDATA[Successfully clicked on: Add Customer Button]]>
    </line>
    <line>
      <![CDATA[FirstName TextBox is displayed on the web page]]>
    </line>
    <line>
      <![CDATA[Found : FirstName TextBox and value has been set as Reynold]]>
    </line>
    <line>
      <![CDATA[LastName TextBox is displayed on the web page]]>
    </line>
    <line>
      <![CDATA[Found : LastName TextBox and value has been set as Clinton]]>
    </line>
    <line>
      <![CDATA[PostalCode TextBox is displayed on the web page]]>
    </line>
    <line>
      <![CDATA[Found : PostalCode TextBox and value has been set as 560016.0]]>
    </line>
    <line>
      <![CDATA[Add Customer Submit Button is displayed on the web page]]>
    </line>
    <line>
      <![CDATA[Successfully clicked on: Add Customer Submit Button]]>
    </line>
    <line>
      <![CDATA[Alert Handled Successfully]]>
    </line>
    <line>
      <![CDATA[Add Customer Button is displayed on the web page]]>
    </line>
    <line>
      <![CDATA[Successfully clicked on: Add Customer Button]]>
    </line>
    <line>
      <![CDATA[FirstName TextBox is displayed on the web page]]>
    </line>
    <line>
      <![CDATA[Found : FirstName TextBox and value has been set as Shenika]]>
    </line>
    <line>
      <![CDATA[LastName TextBox is displayed on the web page]]>
    </line>
    <line>
      <![CDATA[Found : LastName TextBox and value has been set as Joe]]>
    </line>
    <line>
      <![CDATA[PostalCode TextBox is displayed on the web page]]>
    </line>
    <line>
      <![CDATA[Found : PostalCode TextBox and value has been set as 560016.0]]>
    </line>
    <line>
      <![CDATA[Add Customer Submit Button is displayed on the web page]]>
    </line>
    <line>
      <![CDATA[Successfully clicked on: Add Customer Submit Button]]>
    </line>
    <line>
      <![CDATA[Alert Handled Successfully]]>
    </line>
    <line>
      <![CDATA[Add Customer Button is displayed on the web page]]>
    </line>
    <line>
      <![CDATA[Successfully clicked on: Add Customer Button]]>
    </line>
    <line>
      <![CDATA[FirstName TextBox is displayed on the web page]]>
    </line>
    <line>
      <![CDATA[Found : FirstName TextBox and value has been set as Carlton]]>
    </line>
    <line>
      <![CDATA[LastName TextBox is displayed on the web page]]>
    </line>
    <line>
      <![CDATA[Found : LastName TextBox and value has been set as Daniel]]>
    </line>
    <line>
      <![CDATA[PostalCode TextBox is displayed on the web page]]>
    </line>
    <line>
      <![CDATA[Found : PostalCode TextBox and value has been set as 560016.0]]>
    </line>
    <line>
      <![CDATA[Add Customer Submit Button is displayed on the web page]]>
    </line>
    <line>
      <![CDATA[Successfully clicked on: Add Customer Submit Button]]>
    </line>
    <line>
      <![CDATA[Alert Handled Successfully]]>
    </line>
    <line>
      <![CDATA[OpenAccount Button is displayed on the web page]]>
    </line>
    <line>
      <![CDATA[Successfully clicked on: OpenAccount Button]]>
    </line>
    <line>
      <![CDATA[Found : Customer Dropdown]]>
    </line>
    <line>
      <![CDATA[Found : Currency Dropdown]]>
    </line>
    <line>
      <![CDATA[Process Button is displayed on the web page]]>
    </line>
    <line>
      <![CDATA[Successfully clicked on: Process Button]]>
    </line>
    <line>
      <![CDATA[Alert Handled Successfully]]>
    </line>
    <line>
      <![CDATA[Found : Customer Dropdown]]>
    </line>
    <line>
      <![CDATA[Found : Currency Dropdown]]>
    </line>
    <line>
      <![CDATA[Process Button is displayed on the web page]]>
    </line>
    <line>
      <![CDATA[Successfully clicked on: Process Button]]>
    </line>
    <line>
      <![CDATA[Alert Handled Successfully]]>
    </line>
    <line>
      <![CDATA[Found : Customer Dropdown]]>
    </line>
    <line>
      <![CDATA[Found : Currency Dropdown]]>
    </line>
    <line>
      <![CDATA[Process Button is displayed on the web page]]>
    </line>
    <line>
      <![CDATA[Successfully clicked on: Process Button]]>
    </line>
    <line>
      <![CDATA[Alert Handled Successfully]]>
    </line>
  </reporter-output>
  <suite name="Dat Driven TestCases" duration-ms="13878" started-at="2020-07-06T08:33:43 IST" finished-at="2020-07-06T08:33:57 IST">
    <groups>
    </groups>
    <test name="Login Test" duration-ms="1257" started-at="2020-07-06T08:33:43 IST" finished-at="2020-07-06T08:33:44 IST">
      <class name="testcases.LoginTest">
        <test-method status="PASS" signature="LoginAsBankManager()[pri:0, instance:testcases.LoginTest@6574a52c]" name="LoginAsBankManager" duration-ms="1208" started-at="2020-07-06T08:33:43 IST" finished-at="2020-07-06T08:33:44 IST">
          <reporter-output>
            <line>
              <![CDATA[Page loaded successfully]]>
            </line>
            <line>
              <![CDATA[Verification is Successful]]>
            </line>
            <line>
              <![CDATA[Bank Manager Login Button is displayed on the web page]]>
            </line>
            <line>
              <![CDATA[Successfully clicked on: Bank Manager Login Button]]>
            </line>
            <line>
              <![CDATA[Add Customer Button is displayed on the web page]]>
            </line>
          </reporter-output>
        </test-method> <!-- LoginAsBankManager -->
      </class> <!-- testcases.LoginTest -->
    </test> <!-- Login Test -->
    <test name="Add Customer Test" duration-ms="7980" started-at="2020-07-06T08:33:45 IST" finished-at="2020-07-06T08:33:53 IST">
      <class name="testcases.AddCustomerTest">
        <test-method status="PASS" signature="AddCustomers(java.lang.String, java.lang.String, java.lang.String)[pri:0, instance:testcases.AddCustomerTest@76a4ebf2]" name="AddCustomers" duration-ms="3122" started-at="2020-07-06T08:33:45 IST" data-provider="CustomerDetails" finished-at="2020-07-06T08:33:48 IST">
          <params>
            <param index="0">
              <value>
                <![CDATA[Reynold]]>
              </value>
            </param>
            <param index="1">
              <value>
                <![CDATA[Clinton]]>
              </value>
            </param>
            <param index="2">
              <value>
                <![CDATA[560016.0]]>
              </value>
            </param>
          </params>
          <reporter-output>
            <line>
              <![CDATA[Add Customer Button is displayed on the web page]]>
            </line>
            <line>
              <![CDATA[Successfully clicked on: Add Customer Button]]>
            </line>
            <line>
              <![CDATA[FirstName TextBox is displayed on the web page]]>
            </line>
            <line>
              <![CDATA[Found : FirstName TextBox and value has been set as Reynold]]>
            </line>
            <line>
              <![CDATA[LastName TextBox is displayed on the web page]]>
            </line>
            <line>
              <![CDATA[Found : LastName TextBox and value has been set as Clinton]]>
            </line>
            <line>
              <![CDATA[PostalCode TextBox is displayed on the web page]]>
            </line>
            <line>
              <![CDATA[Found : PostalCode TextBox and value has been set as 560016.0]]>
            </line>
            <line>
              <![CDATA[Add Customer Submit Button is displayed on the web page]]>
            </line>
            <line>
              <![CDATA[Successfully clicked on: Add Customer Submit Button]]>
            </line>
            <line>
              <![CDATA[Alert Handled Successfully]]>
            </line>
          </reporter-output>
        </test-method> <!-- AddCustomers -->
        <test-method status="PASS" signature="AddCustomers(java.lang.String, java.lang.String, java.lang.String)[pri:0, instance:testcases.AddCustomerTest@76a4ebf2]" name="AddCustomers" duration-ms="2405" started-at="2020-07-06T08:33:48 IST" data-provider="CustomerDetails" finished-at="2020-07-06T08:33:50 IST">
          <params>
            <param index="0">
              <value>
                <![CDATA[Shenika]]>
              </value>
            </param>
            <param index="1">
              <value>
                <![CDATA[Joe]]>
              </value>
            </param>
            <param index="2">
              <value>
                <![CDATA[560016.0]]>
              </value>
            </param>
          </params>
          <reporter-output>
            <line>
              <![CDATA[Add Customer Button is displayed on the web page]]>
            </line>
            <line>
              <![CDATA[Successfully clicked on: Add Customer Button]]>
            </line>
            <line>
              <![CDATA[FirstName TextBox is displayed on the web page]]>
            </line>
            <line>
              <![CDATA[Found : FirstName TextBox and value has been set as Shenika]]>
            </line>
            <line>
              <![CDATA[LastName TextBox is displayed on the web page]]>
            </line>
            <line>
              <![CDATA[Found : LastName TextBox and value has been set as Joe]]>
            </line>
            <line>
              <![CDATA[PostalCode TextBox is displayed on the web page]]>
            </line>
            <line>
              <![CDATA[Found : PostalCode TextBox and value has been set as 560016.0]]>
            </line>
            <line>
              <![CDATA[Add Customer Submit Button is displayed on the web page]]>
            </line>
            <line>
              <![CDATA[Successfully clicked on: Add Customer Submit Button]]>
            </line>
            <line>
              <![CDATA[Alert Handled Successfully]]>
            </line>
          </reporter-output>
        </test-method> <!-- AddCustomers -->
        <test-method status="PASS" signature="AddCustomers(java.lang.String, java.lang.String, java.lang.String)[pri:0, instance:testcases.AddCustomerTest@76a4ebf2]" name="AddCustomers" duration-ms="2444" started-at="2020-07-06T08:33:50 IST" data-provider="CustomerDetails" finished-at="2020-07-06T08:33:53 IST">
          <params>
            <param index="0">
              <value>
                <![CDATA[Carlton]]>
              </value>
            </param>
            <param index="1">
              <value>
                <![CDATA[Daniel]]>
              </value>
            </param>
            <param index="2">
              <value>
                <![CDATA[560016.0]]>
              </value>
            </param>
          </params>
          <reporter-output>
            <line>
              <![CDATA[Add Customer Button is displayed on the web page]]>
            </line>
            <line>
              <![CDATA[Successfully clicked on: Add Customer Button]]>
            </line>
            <line>
              <![CDATA[FirstName TextBox is displayed on the web page]]>
            </line>
            <line>
              <![CDATA[Found : FirstName TextBox and value has been set as Carlton]]>
            </line>
            <line>
              <![CDATA[LastName TextBox is displayed on the web page]]>
            </line>
            <line>
              <![CDATA[Found : LastName TextBox and value has been set as Daniel]]>
            </line>
            <line>
              <![CDATA[PostalCode TextBox is displayed on the web page]]>
            </line>
            <line>
              <![CDATA[Found : PostalCode TextBox and value has been set as 560016.0]]>
            </line>
            <line>
              <![CDATA[Add Customer Submit Button is displayed on the web page]]>
            </line>
            <line>
              <![CDATA[Successfully clicked on: Add Customer Submit Button]]>
            </line>
            <line>
              <![CDATA[Alert Handled Successfully]]>
            </line>
          </reporter-output>
        </test-method> <!-- AddCustomers -->
      </class> <!-- testcases.AddCustomerTest -->
    </test> <!-- Add Customer Test -->
    <test name="Open Account" duration-ms="4566" started-at="2020-07-06T08:33:53 IST" finished-at="2020-07-06T08:33:57 IST">
      <class name="testcases.OpenAccountTest">
        <test-method status="PASS" signature="setUp()[pri:0, instance:testcases.OpenAccountTest@6e9175d8]" name="setUp" is-config="true" duration-ms="11057" started-at="2020-07-06T08:33:32 IST" finished-at="2020-07-06T08:33:43 IST">
          <reporter-output>
          </reporter-output>
        </test-method> <!-- setUp -->
        <test-method status="PASS" signature="OpenAccount()[pri:0, instance:testcases.OpenAccountTest@6e9175d8]" name="OpenAccount" duration-ms="4563" started-at="2020-07-06T08:33:53 IST" finished-at="2020-07-06T08:33:57 IST">
          <reporter-output>
            <line>
              <![CDATA[OpenAccount Button is displayed on the web page]]>
            </line>
            <line>
              <![CDATA[Successfully clicked on: OpenAccount Button]]>
            </line>
            <line>
              <![CDATA[Found : Customer Dropdown]]>
            </line>
            <line>
              <![CDATA[Found : Currency Dropdown]]>
            </line>
            <line>
              <![CDATA[Process Button is displayed on the web page]]>
            </line>
            <line>
              <![CDATA[Successfully clicked on: Process Button]]>
            </line>
            <line>
              <![CDATA[Alert Handled Successfully]]>
            </line>
            <line>
              <![CDATA[Found : Customer Dropdown]]>
            </line>
            <line>
              <![CDATA[Found : Currency Dropdown]]>
            </line>
            <line>
              <![CDATA[Process Button is displayed on the web page]]>
            </line>
            <line>
              <![CDATA[Successfully clicked on: Process Button]]>
            </line>
            <line>
              <![CDATA[Alert Handled Successfully]]>
            </line>
            <line>
              <![CDATA[Found : Customer Dropdown]]>
            </line>
            <line>
              <![CDATA[Found : Currency Dropdown]]>
            </line>
            <line>
              <![CDATA[Process Button is displayed on the web page]]>
            </line>
            <line>
              <![CDATA[Successfully clicked on: Process Button]]>
            </line>
            <line>
              <![CDATA[Alert Handled Successfully]]>
            </line>
          </reporter-output>
        </test-method> <!-- OpenAccount -->
        <test-method status="PASS" signature="flushReports()[pri:0, instance:testcases.OpenAccountTest@6e9175d8]" name="flushReports" is-config="true" duration-ms="1230" started-at="2020-07-06T08:33:57 IST" finished-at="2020-07-06T08:33:58 IST">
          <reporter-output>
          </reporter-output>
        </test-method> <!-- flushReports -->
      </class> <!-- testcases.OpenAccountTest -->
    </test> <!-- Open Account -->
  </suite> <!-- Dat Driven TestCases -->
</testng-results>
