<?xml version="1.0" encoding="UTF-8"?>
<testsuite name="Add Customer Test"
           tests="3"
           failures="0"
           errors="0"
           skipped="0"
           time="9.341">
  <properties />
  
  
            <testcase name="AddCustomers" time="2.688" classname="bankManager.testcases.AddCustomerTest" />
                <testcase name="AddCustomers" time="4.077" classname="bankManager.testcases.AddCustomerTest" />
                <testcase name="AddCustomers" time="2.576" classname="bankManager.testcases.AddCustomerTest" />
      
</testsuite>
