<?xml version="1.0" encoding="UTF-8"?>
<testsuite name="Add Customer Test"
           tests="3"
           failures="0"
           errors="0"
           skipped="0"
           time="9.102">
  <properties />
  
  
            <testcase name="AddCustomers" time="2.663" classname="testcases.AddCustomerTest" />
                <testcase name="AddCustomers" time="3.824" classname="testcases.AddCustomerTest" />
                <testcase name="AddCustomers" time="2.615" classname="testcases.AddCustomerTest" />
      
</testsuite>
