<?xml version="1.0" encoding="UTF-8"?>
<testsuite name="Add Customer Test"
           tests="3"
           failures="0"
           errors="0"
           skipped="0"
           time="9.260">
  <properties />
  
  
            <testcase name="addCustomers" time="3.972" classname="testcases.AddCustomerTest" />
                <testcase name="addCustomers" time="2.551" classname="testcases.AddCustomerTest" />
                <testcase name="addCustomers" time="2.737" classname="testcases.AddCustomerTest" />
      
</testsuite>
