<?xml version="1.0" encoding="UTF-8"?>
<!-- Generated by org.testng.reporters.JUnitXMLReporter -->
<testsuite hostname="Clinton-PC" ignored="0" name="Add Customer Test" tests="3" failures="0" timestamp="2020-07-05T21:26:52 IST" time="9.202" errors="0">
  <testcase name="AddCustomers" time="3.955" classname="testcases.AddCustomerTest"/>
  <testcase name="AddCustomers" time="2.662" classname="testcases.AddCustomerTest"/>
  <testcase name="AddCustomers" time="2.573" classname="testcases.AddCustomerTest"/>
</testsuite> <!-- Add Customer Test -->
