<?xml version="1.0" encoding="UTF-8"?>
<!-- Generated by org.testng.reporters.JUnitXMLReporter -->
<testsuite hostname="Clinton-PC" ignored="0" name="Add Customer Test" tests="3" failures="0" timestamp="2020-07-06T08:33:53 IST" time="7.98" errors="0">
  <testcase name="AddCustomers" time="3.122" classname="testcases.AddCustomerTest"/>
  <testcase name="AddCustomers" time="2.405" classname="testcases.AddCustomerTest"/>
  <testcase name="AddCustomers" time="2.444" classname="testcases.AddCustomerTest"/>
</testsuite> <!-- Add Customer Test -->
