<?xml version="1.0" encoding="UTF-8"?>
<testsuite name="Add Customer Test"
           tests="3"
           failures="0"
           errors="0"
           skipped="0"
           time="9.190">
  <properties />
  
  
            <testcase name="AddCustomers" time="2.662" classname="testcases.AddCustomerTest" />
                <testcase name="AddCustomers" time="3.955" classname="testcases.AddCustomerTest" />
                <testcase name="AddCustomers" time="2.573" classname="testcases.AddCustomerTest" />
      
</testsuite>
